[11-Apr-2025 17:06:07 Europe/Berlin] PHP Warning:  Undefined variable $b in C:\xampp\htdocs\assignmentform\gestion_erreur.php on line 6
[11-Apr-2025 17:06:07 Europe/Berlin] Ceci est un message d'erreur personnalisé.
[11-Apr-2025 17:28:45 Europe/Berlin] PHP Warning:  Undefined variable $b in C:\xampp\htdocs\assignmentform\gestion_erreur.php on line 6
[11-Apr-2025 17:28:45 Europe/Berlin] Ceci est un message d'erreur personnalisé.
[11-Apr-2025 17:31:03 Europe/Berlin] PHP Warning:  Undefined variable $b in C:\xampp\htdocs\assignmentform\gestion_erreur.php on line 6
[11-Apr-2025 17:31:03 Europe/Berlin] Ceci est un message d'erreur personnalisé.
[11-Apr-2025 17:42:08 Europe/Berlin] PHP Warning:  Undefined variable $b in C:\xampp\htdocs\assignmentform\gestion_erreur.php on line 6
[11-Apr-2025 17:42:08 Europe/Berlin] Ceci est un message d'erreur personnalisé.
[11-Apr-2025 17:42:52 Europe/Berlin] Ceci est un message d'erreur personnalisé.
[11-Apr-2025 17:46:09 Europe/Berlin] Ceci est un message d'erreur personnalisé.
[11-Apr-2025 17:46:12 Europe/Berlin] Ceci est un message d'erreur personnalisé.
[11-Apr-2025 17:47:03 Europe/Berlin] Ceci est un message d'erreur personnalisé.
[11-Apr-2025 17:48:20 Europe/Berlin] Ceci est un message d'erreur personnalisé.
[11-Apr-2025 17:48:20 Europe/Berlin] error(1)
[11-Apr-2025 17:49:55 Europe/Berlin] Ceci est un message d'erreur personnalisé.
[11-Apr-2025 17:51:12 Europe/Berlin] 
[11-Apr-2025 17:51:37 Europe/Berlin] 
[11-Apr-2025 17:52:24 Europe/Berlin] ceci est un avertisement
[11-Apr-2025 17:52:46 Europe/Berlin] ceci est un avertisement
[11-Apr-2025 17:55:55 Europe/Berlin] ceci est une avertisement
[11-Apr-2025 17:58:25 Europe/Berlin] ceci est une avertisement
[11-Apr-2025 17:58:49 Europe/Berlin] erreur inconu
[11-Apr-2025 18:00:57 Europe/Berlin] PHP Warning:  Undefined variable $a in C:\xampp\htdocs\assignmentform\gestion_erreur.php on line 17
[11-Apr-2025 18:00:57 Europe/Berlin] erreur inconu
[11-Apr-2025 18:07:27 Europe/Berlin] PHP Warning:  Undefined variable $a in C:\xampp\htdocs\assignmentform\gestion_erreur.php on line 17
[11-Apr-2025 18:07:27 Europe/Berlin] erreur inconu
[11-Apr-2025 18:09:09 Europe/Berlin] erreur inconu
[11-Apr-2025 18:09:09 Europe/Berlin] erreur inconu
[11-Apr-2025 18:12:14 Europe/Berlin] ceci est une avertisement
[11-Apr-2025 18:12:51 Europe/Berlin] PHP Warning:  Undefined variable $b in C:\xampp\htdocs\assignmentform\gestion_erreur.php on line 17
[11-Apr-2025 18:12:51 Europe/Berlin] ceci est une avertisement
[14-Apr-2025 09:47:14 Europe/Berlin] PHP Warning:  Undefined variable $b in C:\xampp\htdocs\assignmentform\gestion_erreur.php on line 17
[14-Apr-2025 09:47:14 Europe/Berlin] ceci est une avertisement
